============================= test session starts ==============================
platform linux -- Python 3.12.13, pytest-9.1.1, pluggy-1.6.0
rootdir: /app
plugins: cov-7.1.0, anyio-4.14.1, asyncio-1.4.0
asyncio: mode=Mode.STRICT, debug=False, asyncio_default_fixture_loop_scope=None, asyncio_default_test_loop_scope=function
collected 117 items

tests/test_asyncio_event_bus.py ...                                      [  2%]
tests/test_auto_discovery.py ..                                          [  4%]
tests/test_base_event.py ..                                              [  5%]
tests/test_config.py .....                                               [ 10%]
tests/test_core.py ..........                                            [ 18%]
tests/test_edge_cases.py .......................                         [ 38%]
tests/test_full_coverage.py ............................................ [ 76%]
................                                                         [ 89%]
tests/test_helpers.py .                                                  [ 90%]
tests/test_logger_module.py ..                                           [ 92%]
tests/test_middleware.py .                                               [ 93%]
tests/test_resilient_event_bus.py ....                                   [ 96%]
tests/test_scaffold.py .                                                 [ 97%]
tests/test_thread_pool_event_bus.py ...                                  [100%]

================================ tests coverage ================================
_______________ coverage: platform linux, python 3.12.13-final-0 _______________

Name                                               Stmts   Miss  Cover   Missing
--------------------------------------------------------------------------------
src/__init__.py                                        0      0   100%
src/app_kernel.py                                     88      1    99%   82
src/base_event.py                                     10      0   100%
src/base_module.py                                    11      1    91%   20
src/base_repository.py                                29     19    34%   33-34, 44-47, 56-62, 69-72, 81-84, 91-94
src/exceptions.py                                      6      0   100%
src/hot_reloader.py                                   58     58     0%   1-95
src/infra/asyncio_event_bus.py                        35      1    97%   46
src/infra/config_manager.py                           59      1    98%   70
src/infra/config_source/__init__.py                    2      0   100%
src/infra/config_source/dotenv_source.py              33     17    48%   8-9, 39, 52-67
src/infra/dict_config.py                               9      0   100%
src/infra/local_file_storage.py                       25     14    44%   16, 19, 23-25, 29-33, 37-39, 43
src/infra/log_metrics.py                              19     10    47%   14, 17-19, 22-23, 26-27, 30-31
src/infra/memory_event_bus.py                         29      0   100%
src/infra/resilient_event_bus.py                      47      4    91%   51, 108-110
src/infra/std_container.py                            48      2    96%   94-95
src/infra/std_logger.py                               35      0   100%
src/infra/thread_pool_event_bus.py                    31      1    97%   47
src/interfaces/__init__.py                            13      0   100%
src/interfaces/i_async_event_bus.py                    5      0   100%
src/interfaces/i_command.py                            5      0   100%
src/interfaces/i_config.py                             7      0   100%
src/interfaces/i_container.py                         10      0   100%
src/interfaces/i_event_bus.py                          9      0   100%
src/interfaces/i_file_storage.py                      11      0   100%
src/interfaces/i_logger.py                            11      0   100%
src/interfaces/i_metrics.py                            9      0   100%
src/interfaces/i_middleware.py                         5      0   100%
src/interfaces/i_module.py                             7      0   100%
src/interfaces/i_query.py                              5      0   100%
src/interfaces/i_session.py                           11      0   100%
src/middleware/logging_middleware.py                  18     13    28%   26, 37-53
src/middleware/pydantic_validation_middleware.py      26      8    69%   6-8, 38, 56-61
src/middleware/timing_middleware.py                   11      6    45%   26-31
src/middleware/validation_middleware.py                8      4    50%   28-31
src/modules/__init__.py                                0      0   100%
src/modules/database_module.py                        53     35    34%   10-11, 18, 21, 24, 27, 30, 53-81, 84, 87-90
src/modules/health_module.py                          41      9    78%   31-33, 41-44, 58-59
src/modules/logger_module.py                          14      1    93%   18
src/scaffold.py                                       21      4    81%   95-99
--------------------------------------------------------------------------------
TOTAL                                                874    209    76%
Coverage HTML written to dir reports/htmlcov
============================= 117 passed in 4.76s ==============================
